Build started 8/24/2018 5:54:06 PM.
     1>Project "D:\GitHub\Hello-world1\lpng1634\projects\vstudio\pngtest\pngtest.vcxproj" on node 2 (Build target(s)).
     1>InitializeBuildStatus:
         Touching "Debug\pngtest.unsuccessfulbuild".
       ClCompile:
         All outputs are up-to-date.
       Link:
         C:\Program Files (x86)\Microsoft Visual Studio 11.0\VC\bin\link.exe /ERRORREPORT:PROMPT /OUT:"D:\GitHub\Hello-world1\lpng1634\projects\vstudio\Debug\pngtest.exe" /INCREMENTAL:NO /NOLOGO /LIBPATH:"D:\GitHub\Hello-world1\lpng1634\projects\vstudio\Debug\\" libpng16.lib /MANIFEST /MANIFESTUAC:"level='asInvoker' uiAccess='false'" /manifest:embed /DEBUG /PDB:"D:\GitHub\Hello-world1\lpng1634\projects\vstudio\Debug\pngtest.pdb" /SUBSYSTEM:CONSOLE /TLBID:1 /DYNAMICBASE /NXCOMPAT /IMPLIB:"D:\GitHub\Hello-world1\lpng1634\projects\vstudio\Debug\pngtest.lib" /MACHINE:X86 /SAFESEH Debug\lodepng.obj
         Debug\pngtest.obj
     1>pngtest.obj : error LNK2019: unresolved external symbol _liq_attr_create referenced in function _auto_convert_platte_data
     1>pngtest.obj : error LNK2019: unresolved external symbol _liq_image_create_rgba referenced in function _auto_convert_platte_data
     1>pngtest.obj : error LNK2019: unresolved external symbol _liq_image_quantize referenced in function _auto_convert_platte_data
     1>pngtest.obj : error LNK2019: unresolved external symbol _liq_set_dithering_level referenced in function _auto_convert_platte_data
     1>pngtest.obj : error LNK2019: unresolved external symbol _liq_get_palette referenced in function _auto_convert_platte_data
     1>pngtest.obj : error LNK2019: unresolved external symbol _liq_write_remapped_image referenced in function _auto_convert_platte_data
     1>D:\GitHub\Hello-world1\lpng1634\projects\vstudio\Debug\pngtest.exe : fatal error LNK1120: 6 unresolved externals
     1>Done Building Project "D:\GitHub\Hello-world1\lpng1634\projects\vstudio\pngtest\pngtest.vcxproj" (Build target(s)) -- FAILED.

Build FAILED.

Time Elapsed 00:00:00.20
